{"numFailedTestSuites":2,"numFailedTests":2,"numPassedTestSuites":1,"numPassedTests":1,"numPendingTestSuites":0,"numPendingTests":0,"numRuntimeErrorTestSuites":0,"numTodoTests":0,"numTotalTestSuites":3,"numTotalTests":3,"openHandles":[],"snapshot":{"added":0,"didUpdate":false,"failure":false,"filesAdded":0,"filesRemoved":0,"filesRemovedList":[],"filesUnmatched":0,"filesUpdated":0,"matched":0,"total":0,"unchecked":0,"uncheckedKeysByFile":[],"unmatched":0,"updated":0},"startTime":1650407733590,"success":false,"testResults":[{"assertionResults":[{"ancestorTitles":["Action is scheduled after purchase Tests"],"failureMessages":["TypeError: Cannot read property 'click' of undefined\n    at Object.addToCartFromShopPage (/Users/ronrennick/Sites/solaris/woocommerce/packages/js/e2e-utils/src/flows/shopper.js:53:26)\n    at Object.<anonymous> (/Users/brianhenry/Sites/woocommerce-gateway-bitcoin/tests/e2e/specs/actionScheduler.test.js:41:17)\n    at _runTest (/Users/brianhenry/Sites/woocommerce-gateway-bitcoin/node_modules/jest-circus/build/run.js:140:3)\n    at _runTestsForDescribeBlock (/Users/brianhenry/Sites/woocommerce-gateway-bitcoin/node_modules/jest-circus/build/run.js:54:5)\n    at _runTestsForDescribeBlock (/Users/brianhenry/Sites/woocommerce-gateway-bitcoin/node_modules/jest-circus/build/run.js:80:5)\n    at run (/Users/brianhenry/Sites/woocommerce-gateway-bitcoin/node_modules/jest-circus/build/run.js:23:3)\n    at runAndTransformResultsToJestFormat (/Users/brianhenry/Sites/woocommerce-gateway-bitcoin/node_modules/jest-circus/build/legacy-code-todo-rewrite/jestAdapterInit.js:177:21)\n    at jestAdapter (/Users/brianhenry/Sites/woocommerce-gateway-bitcoin/node_modules/jest-circus/build/legacy-code-todo-rewrite/jestAdapter.js:123:19)\n    at runTestInternal (/Users/brianhenry/Sites/woocommerce-gateway-bitcoin/node_modules/@woocommerce/e2e-environment/node_modules/jest-runner/build/runTest.js:385:16)\n    at runTest (/Users/brianhenry/Sites/woocommerce-gateway-bitcoin/node_modules/@woocommerce/e2e-environment/node_modules/jest-runner/build/runTest.js:465:34)"],"fullName":"Action is scheduled after purchase Tests should schedule an action to check for payments","location":null,"status":"failed","title":"should schedule an action to check for payments"}],"endTime":1650407736853,"message":"\u001b[1m\u001b[31m  \u001b[1m● \u001b[22m\u001b[1mAction is scheduled after purchase Tests › should schedule an action to check for payments\u001b[39m\u001b[22m\n\n    TypeError: Cannot read property 'click' of undefined\n\u001b[2m\u001b[22m\n\u001b[2m      \u001b[2mat Object.addToCartFromShopPage (\u001b[22m\u001b[2m../../../../../../ronrennick/Sites/solaris/woocommerce/packages/js/e2e-utils/src/flows/shopper.js\u001b[2m:53:26)\u001b[22m\u001b[2m\u001b[22m\n\u001b[2m      \u001b[2mat Object.<anonymous> (\u001b[22m\u001b[2m\u001b[0m\u001b[36m../../../tests/e2e/specs/actionScheduler.test.js\u001b[39m\u001b[0m\u001b[2m:41:17)\u001b[22m\u001b[2m\u001b[22m\n","name":"/Users/brianhenry/Sites/woocommerce-gateway-bitcoin/tests/e2e/specs/actionScheduler.test.js","startTime":1650407733634,"status":"failed","summary":""},{"assertionResults":[{"ancestorTitles":["Store Owner"],"failureMessages":[],"fullName":"Store Owner Store owner can log in","location":null,"status":"passed","title":"Store owner can log in"}],"endTime":1650407744669,"message":"","name":"/Users/brianhenry/Sites/woocommerce-gateway-bitcoin/tests/e2e/specs/example.test.js","startTime":1650407736935,"status":"passed","summary":""},{"assertionResults":[{"ancestorTitles":["There will be a TypeError where page is not defined inside addToCartFromShopPage"],"failureMessages":["TypeError: Cannot read property 'click' of undefined\n    at Object.addToCartFromShopPage (/Users/ronrennick/Sites/solaris/woocommerce/packages/js/e2e-utils/src/flows/shopper.js:53:26)\n    at Object.<anonymous> (/Users/brianhenry/Sites/woocommerce-gateway-bitcoin/tests/e2e/specs/minimal.test.js:20:17)\n    at _runTest (/Users/brianhenry/Sites/woocommerce-gateway-bitcoin/node_modules/jest-circus/build/run.js:140:3)\n    at _runTestsForDescribeBlock (/Users/brianhenry/Sites/woocommerce-gateway-bitcoin/node_modules/jest-circus/build/run.js:54:5)\n    at _runTestsForDescribeBlock (/Users/brianhenry/Sites/woocommerce-gateway-bitcoin/node_modules/jest-circus/build/run.js:80:5)\n    at run (/Users/brianhenry/Sites/woocommerce-gateway-bitcoin/node_modules/jest-circus/build/run.js:23:3)\n    at runAndTransformResultsToJestFormat (/Users/brianhenry/Sites/woocommerce-gateway-bitcoin/node_modules/jest-circus/build/legacy-code-todo-rewrite/jestAdapterInit.js:177:21)\n    at jestAdapter (/Users/brianhenry/Sites/woocommerce-gateway-bitcoin/node_modules/jest-circus/build/legacy-code-todo-rewrite/jestAdapter.js:123:19)\n    at runTestInternal (/Users/brianhenry/Sites/woocommerce-gateway-bitcoin/node_modules/@woocommerce/e2e-environment/node_modules/jest-runner/build/runTest.js:385:16)\n    at runTest (/Users/brianhenry/Sites/woocommerce-gateway-bitcoin/node_modules/@woocommerce/e2e-environment/node_modules/jest-runner/build/runTest.js:465:34)"],"fullName":"There will be a TypeError where page is not defined inside addToCartFromShopPage should schedule an action to check for payments","location":null,"status":"failed","title":"should schedule an action to check for payments"}],"endTime":1650407747755,"message":"\u001b[1m\u001b[31m  \u001b[1m● \u001b[22m\u001b[1mThere will be a TypeError where page is not defined inside addToCartFromShopPage › should schedule an action to check for payments\u001b[39m\u001b[22m\n\n    TypeError: Cannot read property 'click' of undefined\n\u001b[2m\u001b[22m\n\u001b[2m      \u001b[2mat Object.addToCartFromShopPage (\u001b[22m\u001b[2m../../../../../../ronrennick/Sites/solaris/woocommerce/packages/js/e2e-utils/src/flows/shopper.js\u001b[2m:53:26)\u001b[22m\u001b[2m\u001b[22m\n\u001b[2m      \u001b[2mat Object.<anonymous> (\u001b[22m\u001b[2m\u001b[0m\u001b[36m../../../tests/e2e/specs/minimal.test.js\u001b[39m\u001b[0m\u001b[2m:20:17)\u001b[22m\u001b[2m\u001b[22m\n","name":"/Users/brianhenry/Sites/woocommerce-gateway-bitcoin/tests/e2e/specs/minimal.test.js","startTime":1650407744751,"status":"failed","summary":""}],"wasInterrupted":false}